<?xml version="1.0" encoding="UTF-8"?>
<!-- Generated by org.testng.reporters.JUnitReportReporter -->
<testsuite hostname="Freya" failures="0" tests="1" name="webstaurantstore.TestCases" time="73.174" errors="0" timestamp="2024-02-11T18:43:21 CST" skipped="0">
  <testcase classname="webstaurantstore.TestCases" name="Test" time="73.174"/>
</testsuite> <!-- webstaurantstore.TestCases -->
